could not update ace.is.aces.in.my.book: not_found<?xml version="1.0" encoding="UTF-8"?>
<ResultSet version="1.0"><Error>0</Error><ErrorMessage>No error</ErrorMessage><Locale>us_US</Locale><Quality>40</Quality><Found>1</Found><Result><quality>40</quality><latitude>33.417045</latitude><longitude>-111.831459</longitude><offsetlat>33.417045</offsetlat><offsetlon>-111.831459</offsetlon><radius>21600</radius><name></name><line1></line1><line2>Mesa, AZ</line2><line3></line3><line4>United States</line4><house></house><street></street><xstreet></xstreet><unittype></unittype><unit></unit><postal></postal><neighborhood></neighborhood><city>Mesa</city><county>Maricopa County</county><state>Arizona</state><country>United States</country><countrycode>US</countrycode><statecode>AZ</statecode><countycode></countycode><uzip>85201</uzip><hash></hash><woeid>2449808</woeid><woetype>7</woetype></Result></ResultSet>
<!-- gws14.maps.ch1.yahoo.com uncompressed/chunked Sat Oct  6 16:06:59 PDT 2012 -->
<!-- wws3.geotech.ch1.yahoo.com uncompressed/chunked Sat Oct  6 16:06:59 PDT 2012 -->
SyntaxError: Unexpected token < + Mesa, AZ #396908<?xml version="1.0" encoding="UTF-8"?>
<ResultSet version="1.0"><Error>0</Error><ErrorMessage>No error</ErrorMessage><Locale>us_US</Locale><Quality>40</Quality><Found>1</Found><Result><quality>40</quality><latitude>33.417045</latitude><longitude>-111.831459</longitude><offsetlat>33.417045</offsetlat><offsetlon>-111.831459</offsetlon><radius>21600</radius><name></name><line1></line1><line2>Mesa, AZ</line2><line3></line3><line4>United States</line4><house></house><street></street><xstreet></xstreet><unittype></unittype><unit></unit><postal></postal><neighborhood></neighborhood><city>Mesa</city><county>Maricopa County</county><state>Arizona</state><country>United States</country><countrycode>US</countrycode><statecode>AZ</statecode><countycode></countycode><uzip>85201</uzip><hash></hash><woeid>2449808</woeid><woetype>7</woetype></Result></ResultSet>
<!-- gws14.maps.ch1.yahoo.com uncompressed/chunked Sat Oct  6 16:08:27 PDT 2012 -->
<!-- wws1.geotech.ch1.yahoo.com uncompressed/chunked Sat Oct  6 16:08:27 PDT 2012 -->
SyntaxError: Unexpected token < + Mesa, AZ #396908<?xml version="1.0" encoding="UTF-8"?>
<ResultSet version="1.0"><Error>0</Error><ErrorMessage>No error</ErrorMessage><Locale>us_US</Locale><Quality>40</Quality><Found>1</Found><Result><quality>40</quality><latitude>33.417045</latitude><longitude>-111.831459</longitude><offsetlat>33.417045</offsetlat><offsetlon>-111.831459</offsetlon><radius>21600</radius><name></name><line1></line1><line2>Mesa, AZ</line2><line3></line3><line4>United States</line4><house></house><street></street><xstreet></xstreet><unittype></unittype><unit></unit><postal></postal><neighborhood></neighborhood><city>Mesa</city><county>Maricopa County</county><state>Arizona</state><country>United States</country><countrycode>US</countrycode><statecode>AZ</statecode><countycode></countycode><uzip>85201</uzip><hash></hash><woeid>2449808</woeid><woetype>7</woetype></Result></ResultSet>
<!-- gws13.maps.ch1.yahoo.com uncompressed/chunked Sat Oct  6 16:09:37 PDT 2012 -->
<!-- wws3.geotech.ch1.yahoo.com uncompressed/chunked Sat Oct  6 16:09:37 PDT 2012 -->
SyntaxError: Unexpected token < + Mesa, AZ #396908<?xml version="1.0" encoding="UTF-8"?>
<ResultSet version="1.0"><Error>0</Error><ErrorMessage>No error</ErrorMessage><Locale>us_US</Locale><Quality>40</Quality><Found>1</Found><Result><quality>40</quality><latitude>33.417045</latitude><longitude>-111.831459</longitude><offsetlat>33.417045</offsetlat><offsetlon>-111.831459</offsetlon><radius>21600</radius><name></name><line1></line1><line2>Mesa, AZ</line2><line3></line3><line4>United States</line4><house></house><street></street><xstreet></xstreet><unittype></unittype><unit></unit><postal></postal><neighborhood></neighborhood><city>Mesa</city><county>Maricopa County</county><state>Arizona</state><country>United States</country><countrycode>US</countrycode><statecode>AZ</statecode><countycode></countycode><uzip>85201</uzip><hash></hash><woeid>2449808</woeid><woetype>7</woetype></Result></ResultSet>
<!-- gws13.maps.ch1.yahoo.com uncompressed/chunked Sat Oct  6 16:09:46 PDT 2012 -->
<!-- wws2.geotech.ch1.yahoo.com uncompressed/chunked Sat Oct  6 16:09:46 PDT 2012 -->
SyntaxError: Unexpected token < + Mesa, AZ #396908<?xml version="1.0" encoding="UTF-8"?>
<ResultSet version="1.0"><Error>0</Error><ErrorMessage>No error</ErrorMessage><Locale>us_US</Locale><Quality>40</Quality><Found>1</Found><Result><quality>40</quality><latitude>33.417045</latitude><longitude>-111.831459</longitude><offsetlat>33.417045</offsetlat><offsetlon>-111.831459</offsetlon><radius>21600</radius><name></name><line1></line1><line2>Mesa, AZ</line2><line3></line3><line4>United States</line4><house></house><street></street><xstreet></xstreet><unittype></unittype><unit></unit><postal></postal><neighborhood></neighborhood><city>Mesa</city><county>Maricopa County</county><state>Arizona</state><country>United States</country><countrycode>US</countrycode><statecode>AZ</statecode><countycode></countycode><uzip>85201</uzip><hash></hash><woeid>2449808</woeid><woetype>7</woetype></Result></ResultSet>
<!-- gws13.maps.ch1.yahoo.com uncompressed/chunked Sat Oct  6 16:38:46 PDT 2012 -->
<!-- wws3.geotech.ch1.yahoo.com uncompressed/chunked Sat Oct  6 16:38:46 PDT 2012 -->
SyntaxError: Unexpected token < + Mesa, AZ #396908error while updating project corona_statbot: TypeError: Cannot read property 'error' of undefinederror while updating project goblin-the-helper: TypeError: Cannot read property 'error' of undefinederror while updating project dustify-browserify: TypeError: Cannot read property 'error' of undefinederror while updating project replicate2: TypeError: Cannot read property 'error' of undefinederror while updating project ace.is.aces.in.my.book: TypeError: Cannot read property 'error' of undefined